2026-02-13 00:01:42 INFO  o.a.c.c.C.[Tomcat].[localhost].[/] - Initializing Spring DispatcherServlet 'dispatcherServlet'
2026-02-13 00:01:42 INFO  o.s.web.servlet.DispatcherServlet - Initializing Servlet 'dispatcherServlet'
2026-02-13 00:01:42 INFO  o.s.web.servlet.DispatcherServlet - Completed initialization in 2 ms
2026-02-13 00:01:43 DEBUG org.hibernate.SQL - 
    /* SELECT
        u 
    FROM
        User u 
    WHERE
        u.email = :email */ select
            u1_0.id,
            u1_0.email,
            u1_0.password,
            u1_0.username 
        from
            users u1_0 
        where
            u1_0.email=?
2026-02-13 00:01:43 DEBUG org.hibernate.SQL - 
    select
        r1_0.user_id,
        r1_1.id,
        r1_1.description,
        r1_1.name 
    from
        users_roles r1_0 
    join
        roles r1_1 
            on r1_1.id=r1_0.roles_id 
    where
        r1_0.user_id=?
2026-02-13 00:02:52 DEBUG org.hibernate.SQL - 
    /* <criteria> */ select
        u1_0.id,
        u1_0.email,
        u1_0.password,
        u1_0.username 
    from
        users u1_0
2026-02-13 00:02:52 DEBUG org.hibernate.SQL - 
    select
        r1_0.user_id,
        r1_1.id,
        r1_1.description,
        r1_1.name 
    from
        users_roles r1_0 
    join
        roles r1_1 
            on r1_1.id=r1_0.roles_id 
    where
        r1_0.user_id=?
2026-02-13 00:02:52 DEBUG org.hibernate.SQL - 
    select
        r1_0.user_id,
        r1_1.id,
        r1_1.description,
        r1_1.name 
    from
        users_roles r1_0 
    join
        roles r1_1 
            on r1_1.id=r1_0.roles_id 
    where
        r1_0.user_id=?
2026-02-13 00:02:52 DEBUG org.hibernate.SQL - 
    select
        r1_0.user_id,
        r1_1.id,
        r1_1.description,
        r1_1.name 
    from
        users_roles r1_0 
    join
        roles r1_1 
            on r1_1.id=r1_0.roles_id 
    where
        r1_0.user_id=?
2026-02-13 00:06:45 INFO  o.s.boot.tomcat.GracefulShutdown - Commencing graceful shutdown. Waiting for active requests to complete
2026-02-13 00:06:45 INFO  o.s.boot.tomcat.GracefulShutdown - Graceful shutdown complete
2026-02-13 00:06:45 INFO  o.s.o.j.LocalContainerEntityManagerFactoryBean - Closing JPA EntityManagerFactory for persistence unit 'default'
2026-02-13 00:06:45 INFO  com.zaxxer.hikari.HikariDataSource - TollPlazaHikariCP - Shutdown initiated...
2026-02-13 00:06:45 INFO  com.zaxxer.hikari.HikariDataSource - TollPlazaHikariCP - Shutdown completed.
2026-02-13 00:06:48 INFO  com.example.exam.ExamApplication - Starting ExamApplication using Java 21.0.1 with PID 4136 (D:\Spring boot projects\exam\exam\target\classes started by munee in D:\Spring boot projects\exam\exam)
2026-02-13 00:06:48 INFO  com.example.exam.ExamApplication - No active profile set, falling back to 1 default profile: "default"
2026-02-13 00:06:49 INFO  o.s.d.r.c.RepositoryConfigurationDelegate - Bootstrapping Spring Data JPA repositories in DEFAULT mode.
2026-02-13 00:06:49 INFO  o.s.d.r.c.RepositoryConfigurationDelegate - Finished Spring Data repository scanning in 38 ms. Found 2 JPA repository interfaces.
2026-02-13 00:06:49 INFO  o.s.boot.tomcat.TomcatWebServer - Tomcat initialized with port 8080 (http)
2026-02-13 00:06:49 INFO  o.a.catalina.core.StandardService - Starting service [Tomcat]
2026-02-13 00:06:49 INFO  o.a.catalina.core.StandardEngine - Starting Servlet engine: [Apache Tomcat/11.0.15]
2026-02-13 00:06:49 INFO  o.s.b.w.c.s.WebApplicationContextInitializer - Root WebApplicationContext: initialization completed in 1050 ms
2026-02-13 00:06:49 INFO  org.hibernate.orm.jpa - HHH008540: Processing PersistenceUnitInfo [name: default]
2026-02-13 00:06:49 INFO  org.hibernate.orm.core - HHH000001: Hibernate ORM core version 7.2.1.Final
2026-02-13 00:06:50 INFO  o.s.o.j.p.SpringPersistenceUnitInfo - No LoadTimeWeaver setup: ignoring JPA class transformer
2026-02-13 00:06:50 INFO  com.zaxxer.hikari.HikariDataSource - TollPlazaHikariCP - Starting...
2026-02-13 00:06:50 INFO  com.zaxxer.hikari.pool.HikariPool - TollPlazaHikariCP - Added connection org.postgresql.jdbc.PgConnection@5a2035e1
2026-02-13 00:06:50 INFO  com.zaxxer.hikari.HikariDataSource - TollPlazaHikariCP - Start completed.
2026-02-13 00:06:50 WARN  org.hibernate.orm.deprecation - HHH90000025: PostgreSQLDialect does not need to be specified explicitly using 'hibernate.dialect' (remove the property setting and it will be selected by default)
2026-02-13 00:06:50 INFO  o.hibernate.orm.connections.pooling - HHH10001005: Database info:
	Database JDBC URL [jdbc:postgresql://localhost:5432/exam]
	Database driver: PostgreSQL JDBC Driver
	Database dialect: PostgreSQLDialect
	Database version: 15.3
	Default catalog/schema: exam/public
	Autocommit mode: undefined/unknown
	Isolation level: READ_COMMITTED [default READ_COMMITTED]
	JDBC fetch size: none
	Pool: DataSourceConnectionProvider
	Minimum pool size: undefined/unknown
	Maximum pool size: undefined/unknown
2026-02-13 00:06:51 INFO  org.hibernate.orm.core - HHH000489: No JTA platform available (set 'hibernate.transaction.jta.platform' to enable JTA platform integration)
2026-02-13 00:06:51 INFO  o.s.o.j.LocalContainerEntityManagerFactoryBean - Initialized JPA EntityManagerFactory for persistence unit 'default'
2026-02-13 00:06:51 INFO  o.s.d.j.r.q.QueryEnhancerFactories - Hibernate is in classpath; If applicable, HQL parser will be used.
2026-02-13 00:06:51 INFO  o.s.s.c.a.a.c.InitializeUserDetailsBeanManagerConfigurer$InitializeUserDetailsManagerConfigurer - Global AuthenticationManager configured with UserDetailsService bean with name securityUserDetailsService
2026-02-13 00:06:52 INFO  o.s.boot.tomcat.TomcatWebServer - Tomcat started on port 8080 (http) with context path '/'
2026-02-13 00:06:52 INFO  com.example.exam.ExamApplication - Started ExamApplication in 3.97 seconds (process running for 4.59)
2026-02-13 00:07:04 INFO  o.a.c.c.C.[Tomcat].[localhost].[/] - Initializing Spring DispatcherServlet 'dispatcherServlet'
2026-02-13 00:07:04 INFO  o.s.web.servlet.DispatcherServlet - Initializing Servlet 'dispatcherServlet'
2026-02-13 00:07:04 INFO  o.s.web.servlet.DispatcherServlet - Completed initialization in 2 ms
2026-02-13 00:07:04 DEBUG org.hibernate.SQL - 
    /* <criteria> */ select
        u1_0.id,
        u1_0.email,
        u1_0.password,
        u1_0.username 
    from
        users u1_0
2026-02-13 00:07:04 DEBUG org.hibernate.SQL - 
    select
        r1_0.user_id,
        r1_1.id,
        r1_1.description,
        r1_1.name 
    from
        users_roles r1_0 
    join
        roles r1_1 
            on r1_1.id=r1_0.roles_id 
    where
        r1_0.user_id=?
2026-02-13 00:07:04 DEBUG org.hibernate.SQL - 
    select
        r1_0.user_id,
        r1_1.id,
        r1_1.description,
        r1_1.name 
    from
        users_roles r1_0 
    join
        roles r1_1 
            on r1_1.id=r1_0.roles_id 
    where
        r1_0.user_id=?
2026-02-13 00:07:04 DEBUG org.hibernate.SQL - 
    select
        r1_0.user_id,
        r1_1.id,
        r1_1.description,
        r1_1.name 
    from
        users_roles r1_0 
    join
        roles r1_1 
            on r1_1.id=r1_0.roles_id 
    where
        r1_0.user_id=?
2026-02-13 00:07:10 DEBUG org.hibernate.SQL - 
    /* SELECT
        u 
    FROM
        User u 
    WHERE
        u.email = :email */ select
            u1_0.id,
            u1_0.email,
            u1_0.password,
            u1_0.username 
        from
            users u1_0 
        where
            u1_0.email=?
2026-02-13 00:07:10 DEBUG org.hibernate.SQL - 
    select
        r1_0.user_id,
        r1_1.id,
        r1_1.description,
        r1_1.name 
    from
        users_roles r1_0 
    join
        roles r1_1 
            on r1_1.id=r1_0.roles_id 
    where
        r1_0.user_id=?
2026-02-13 00:07:11 DEBUG org.hibernate.SQL - 
    /* SELECT
        u 
    FROM
        User u 
    WHERE
        u.email = :email */ select
            u1_0.id,
            u1_0.email,
            u1_0.password,
            u1_0.username 
        from
            users u1_0 
        where
            u1_0.email=?
2026-02-13 00:07:11 DEBUG org.hibernate.SQL - 
    select
        r1_0.user_id,
        r1_1.id,
        r1_1.description,
        r1_1.name 
    from
        users_roles r1_0 
    join
        roles r1_1 
            on r1_1.id=r1_0.roles_id 
    where
        r1_0.user_id=?
2026-02-13 00:08:43 DEBUG org.hibernate.SQL - 
    /* SELECT
        u 
    FROM
        User u 
    WHERE
        u.email = :email */ select
            u1_0.id,
            u1_0.email,
            u1_0.password,
            u1_0.username 
        from
            users u1_0 
        where
            u1_0.email=?
2026-02-13 00:08:43 DEBUG org.hibernate.SQL - 
    select
        r1_0.user_id,
        r1_1.id,
        r1_1.description,
        r1_1.name 
    from
        users_roles r1_0 
    join
        roles r1_1 
            on r1_1.id=r1_0.roles_id 
    where
        r1_0.user_id=?
2026-02-13 00:08:43 WARN  o.s.s.c.bcrypt.BCryptPasswordEncoder - Encoded password does not look like BCrypt
2026-02-13 00:10:24 DEBUG org.hibernate.SQL - 
    /* <criteria> */ select
        r1_0.id,
        r1_0.description,
        r1_0.name 
    from
        roles r1_0 
    where
        r1_0.id in (?)
2026-02-13 00:10:24 DEBUG org.hibernate.SQL - 
    /* insert 
    for
        com.example.exam.model.User
        */insert 
    into
        users (email, password, username) 
    values
        (?, ?, ?)
2026-02-13 00:10:24 DEBUG org.hibernate.SQL - 
    /* insert 
    for
        com.example.exam.model.User.roles
        */insert 
    into
        users_roles (user_id, roles_id) 
    values
        (?, ?)
2026-02-13 00:10:49 DEBUG org.hibernate.SQL - 
    /* SELECT
        u 
    FROM
        User u 
    WHERE
        u.email = :email */ select
            u1_0.id,
            u1_0.email,
            u1_0.password,
            u1_0.username 
        from
            users u1_0 
        where
            u1_0.email=?
2026-02-13 00:11:36 DEBUG org.hibernate.SQL - 
    /* <criteria> */ select
        r1_0.id,
        r1_0.description,
        r1_0.name 
    from
        roles r1_0 
    where
        r1_0.id in (?)
2026-02-13 00:11:36 DEBUG org.hibernate.SQL - 
    /* insert 
    for
        com.example.exam.model.User
        */insert 
    into
        users (email, password, username) 
    values
        (?, ?, ?)
2026-02-13 00:11:36 DEBUG org.hibernate.SQL - 
    /* insert 
    for
        com.example.exam.model.User.roles
        */insert 
    into
        users_roles (user_id, roles_id) 
    values
        (?, ?)
2026-02-13 00:11:40 DEBUG org.hibernate.SQL - 
    /* SELECT
        u 
    FROM
        User u 
    WHERE
        u.email = :email */ select
            u1_0.id,
            u1_0.email,
            u1_0.password,
            u1_0.username 
        from
            users u1_0 
        where
            u1_0.email=?
2026-02-13 00:11:40 DEBUG org.hibernate.SQL - 
    select
        r1_0.user_id,
        r1_1.id,
        r1_1.description,
        r1_1.name 
    from
        users_roles r1_0 
    join
        roles r1_1 
            on r1_1.id=r1_0.roles_id 
    where
        r1_0.user_id=?
2026-02-13 00:11:40 DEBUG org.hibernate.SQL - 
    /* SELECT
        u 
    FROM
        User u 
    WHERE
        u.email = :email */ select
            u1_0.id,
            u1_0.email,
            u1_0.password,
            u1_0.username 
        from
            users u1_0 
        where
            u1_0.email=?
2026-02-13 00:11:40 DEBUG org.hibernate.SQL - 
    select
        r1_0.user_id,
        r1_1.id,
        r1_1.description,
        r1_1.name 
    from
        users_roles r1_0 
    join
        roles r1_1 
            on r1_1.id=r1_0.roles_id 
    where
        r1_0.user_id=?
2026-02-13 00:13:01 INFO  o.s.boot.tomcat.GracefulShutdown - Commencing graceful shutdown. Waiting for active requests to complete
2026-02-13 00:13:01 INFO  o.s.boot.tomcat.GracefulShutdown - Graceful shutdown complete
2026-02-13 00:13:01 INFO  o.s.o.j.LocalContainerEntityManagerFactoryBean - Closing JPA EntityManagerFactory for persistence unit 'default'
2026-02-13 00:13:01 INFO  com.zaxxer.hikari.HikariDataSource - TollPlazaHikariCP - Shutdown initiated...
2026-02-13 00:13:01 INFO  com.zaxxer.hikari.HikariDataSource - TollPlazaHikariCP - Shutdown completed.
2026-02-13 00:13:04 INFO  com.example.exam.ExamApplication - Starting ExamApplication using Java 21.0.1 with PID 1556 (D:\Spring boot projects\exam\exam\target\classes started by munee in D:\Spring boot projects\exam\exam)
2026-02-13 00:13:04 INFO  com.example.exam.ExamApplication - No active profile set, falling back to 1 default profile: "default"
2026-02-13 00:13:04 INFO  o.s.d.r.c.RepositoryConfigurationDelegate - Bootstrapping Spring Data JPA repositories in DEFAULT mode.
2026-02-13 00:13:04 INFO  o.s.d.r.c.RepositoryConfigurationDelegate - Finished Spring Data repository scanning in 41 ms. Found 2 JPA repository interfaces.
2026-02-13 00:13:05 INFO  o.s.boot.tomcat.TomcatWebServer - Tomcat initialized with port 8080 (http)
2026-02-13 00:13:05 INFO  o.a.catalina.core.StandardService - Starting service [Tomcat]
2026-02-13 00:13:05 INFO  o.a.catalina.core.StandardEngine - Starting Servlet engine: [Apache Tomcat/11.0.15]
2026-02-13 00:13:05 INFO  o.s.b.w.c.s.WebApplicationContextInitializer - Root WebApplicationContext: initialization completed in 1034 ms
2026-02-13 00:13:05 INFO  org.hibernate.orm.jpa - HHH008540: Processing PersistenceUnitInfo [name: default]
2026-02-13 00:13:05 INFO  org.hibernate.orm.core - HHH000001: Hibernate ORM core version 7.2.1.Final
2026-02-13 00:13:05 INFO  o.s.o.j.p.SpringPersistenceUnitInfo - No LoadTimeWeaver setup: ignoring JPA class transformer
2026-02-13 00:13:05 INFO  com.zaxxer.hikari.HikariDataSource - TollPlazaHikariCP - Starting...
2026-02-13 00:13:06 INFO  com.zaxxer.hikari.pool.HikariPool - TollPlazaHikariCP - Added connection org.postgresql.jdbc.PgConnection@b56c222
2026-02-13 00:13:06 INFO  com.zaxxer.hikari.HikariDataSource - TollPlazaHikariCP - Start completed.
2026-02-13 00:13:06 WARN  org.hibernate.orm.deprecation - HHH90000025: PostgreSQLDialect does not need to be specified explicitly using 'hibernate.dialect' (remove the property setting and it will be selected by default)
2026-02-13 00:13:06 INFO  o.hibernate.orm.connections.pooling - HHH10001005: Database info:
	Database JDBC URL [jdbc:postgresql://localhost:5432/exam]
	Database driver: PostgreSQL JDBC Driver
	Database dialect: PostgreSQLDialect
	Database version: 15.3
	Default catalog/schema: exam/public
	Autocommit mode: undefined/unknown
	Isolation level: READ_COMMITTED [default READ_COMMITTED]
	JDBC fetch size: none
	Pool: DataSourceConnectionProvider
	Minimum pool size: undefined/unknown
	Maximum pool size: undefined/unknown
2026-02-13 00:13:07 INFO  org.hibernate.orm.core - HHH000489: No JTA platform available (set 'hibernate.transaction.jta.platform' to enable JTA platform integration)
2026-02-13 00:13:07 INFO  o.s.o.j.LocalContainerEntityManagerFactoryBean - Initialized JPA EntityManagerFactory for persistence unit 'default'
2026-02-13 00:13:07 INFO  o.s.d.j.r.q.QueryEnhancerFactories - Hibernate is in classpath; If applicable, HQL parser will be used.
2026-02-13 00:13:07 INFO  o.s.s.c.a.a.c.InitializeUserDetailsBeanManagerConfigurer$InitializeUserDetailsManagerConfigurer - Global AuthenticationManager configured with UserDetailsService bean with name securityUserDetailsService
2026-02-13 00:13:07 INFO  o.s.boot.tomcat.TomcatWebServer - Tomcat started on port 8080 (http) with context path '/'
2026-02-13 00:13:07 INFO  com.example.exam.ExamApplication - Started ExamApplication in 4.063 seconds (process running for 4.674)
2026-02-13 00:13:15 INFO  o.a.c.c.C.[Tomcat].[localhost].[/] - Initializing Spring DispatcherServlet 'dispatcherServlet'
2026-02-13 00:13:15 INFO  o.s.web.servlet.DispatcherServlet - Initializing Servlet 'dispatcherServlet'
2026-02-13 00:13:15 INFO  o.s.web.servlet.DispatcherServlet - Completed initialization in 1 ms
2026-02-13 00:13:16 DEBUG org.hibernate.SQL - 
    /* SELECT
        u 
    FROM
        User u 
    WHERE
        u.email = :email */ select
            u1_0.id,
            u1_0.email,
            u1_0.password,
            u1_0.username 
        from
            users u1_0 
        where
            u1_0.email=?
2026-02-13 00:13:16 DEBUG org.hibernate.SQL - 
    select
        r1_0.user_id,
        r1_1.id,
        r1_1.description,
        r1_1.name 
    from
        users_roles r1_0 
    join
        roles r1_1 
            on r1_1.id=r1_0.roles_id 
    where
        r1_0.user_id=?
2026-02-13 00:13:16 DEBUG org.hibernate.SQL - 
    /* SELECT
        u 
    FROM
        User u 
    WHERE
        u.email = :email */ select
            u1_0.id,
            u1_0.email,
            u1_0.password,
            u1_0.username 
        from
            users u1_0 
        where
            u1_0.email=?
2026-02-13 00:13:16 DEBUG org.hibernate.SQL - 
    select
        r1_0.user_id,
        r1_1.id,
        r1_1.description,
        r1_1.name 
    from
        users_roles r1_0 
    join
        roles r1_1 
            on r1_1.id=r1_0.roles_id 
    where
        r1_0.user_id=?
2026-02-13 00:13:41 INFO  o.s.boot.tomcat.GracefulShutdown - Commencing graceful shutdown. Waiting for active requests to complete
2026-02-13 00:13:41 INFO  o.s.boot.tomcat.GracefulShutdown - Graceful shutdown complete
2026-02-13 00:13:41 INFO  o.s.o.j.LocalContainerEntityManagerFactoryBean - Closing JPA EntityManagerFactory for persistence unit 'default'
2026-02-13 00:13:41 INFO  com.zaxxer.hikari.HikariDataSource - TollPlazaHikariCP - Shutdown initiated...
2026-02-13 00:13:41 INFO  com.zaxxer.hikari.HikariDataSource - TollPlazaHikariCP - Shutdown completed.
2026-02-13 00:13:44 INFO  com.example.exam.ExamApplication - Starting ExamApplication using Java 21.0.1 with PID 9220 (D:\Spring boot projects\exam\exam\target\classes started by munee in D:\Spring boot projects\exam\exam)
2026-02-13 00:13:44 INFO  com.example.exam.ExamApplication - No active profile set, falling back to 1 default profile: "default"
2026-02-13 00:13:45 INFO  o.s.d.r.c.RepositoryConfigurationDelegate - Bootstrapping Spring Data JPA repositories in DEFAULT mode.
2026-02-13 00:13:45 INFO  o.s.d.r.c.RepositoryConfigurationDelegate - Finished Spring Data repository scanning in 40 ms. Found 2 JPA repository interfaces.
2026-02-13 00:13:45 INFO  o.s.boot.tomcat.TomcatWebServer - Tomcat initialized with port 8080 (http)
2026-02-13 00:13:45 INFO  o.a.catalina.core.StandardService - Starting service [Tomcat]
2026-02-13 00:13:45 INFO  o.a.catalina.core.StandardEngine - Starting Servlet engine: [Apache Tomcat/11.0.15]
2026-02-13 00:13:45 INFO  o.s.b.w.c.s.WebApplicationContextInitializer - Root WebApplicationContext: initialization completed in 1085 ms
2026-02-13 00:13:46 INFO  org.hibernate.orm.jpa - HHH008540: Processing PersistenceUnitInfo [name: default]
2026-02-13 00:13:46 INFO  org.hibernate.orm.core - HHH000001: Hibernate ORM core version 7.2.1.Final
2026-02-13 00:13:46 INFO  o.s.o.j.p.SpringPersistenceUnitInfo - No LoadTimeWeaver setup: ignoring JPA class transformer
2026-02-13 00:13:46 INFO  com.zaxxer.hikari.HikariDataSource - TollPlazaHikariCP - Starting...
2026-02-13 00:13:46 INFO  com.zaxxer.hikari.pool.HikariPool - TollPlazaHikariCP - Added connection org.postgresql.jdbc.PgConnection@197d5a87
2026-02-13 00:13:46 INFO  com.zaxxer.hikari.HikariDataSource - TollPlazaHikariCP - Start completed.
2026-02-13 00:13:46 WARN  org.hibernate.orm.deprecation - HHH90000025: PostgreSQLDialect does not need to be specified explicitly using 'hibernate.dialect' (remove the property setting and it will be selected by default)
2026-02-13 00:13:46 INFO  o.hibernate.orm.connections.pooling - HHH10001005: Database info:
	Database JDBC URL [jdbc:postgresql://localhost:5432/exam]
	Database driver: PostgreSQL JDBC Driver
	Database dialect: PostgreSQLDialect
	Database version: 15.3
	Default catalog/schema: exam/public
	Autocommit mode: undefined/unknown
	Isolation level: READ_COMMITTED [default READ_COMMITTED]
	JDBC fetch size: none
	Pool: DataSourceConnectionProvider
	Minimum pool size: undefined/unknown
	Maximum pool size: undefined/unknown
2026-02-13 00:13:47 INFO  org.hibernate.orm.core - HHH000489: No JTA platform available (set 'hibernate.transaction.jta.platform' to enable JTA platform integration)
2026-02-13 00:13:47 INFO  o.s.o.j.LocalContainerEntityManagerFactoryBean - Initialized JPA EntityManagerFactory for persistence unit 'default'
2026-02-13 00:13:47 INFO  o.s.d.j.r.q.QueryEnhancerFactories - Hibernate is in classpath; If applicable, HQL parser will be used.
2026-02-13 00:13:48 INFO  o.s.s.c.a.a.c.InitializeUserDetailsBeanManagerConfigurer$InitializeUserDetailsManagerConfigurer - Global AuthenticationManager configured with UserDetailsService bean with name securityUserDetailsService
2026-02-13 00:13:48 INFO  o.s.boot.tomcat.TomcatWebServer - Tomcat started on port 8080 (http) with context path '/'
2026-02-13 00:13:48 INFO  com.example.exam.ExamApplication - Started ExamApplication in 4.341 seconds (process running for 4.996)
2026-02-13 00:14:02 INFO  o.a.c.c.C.[Tomcat].[localhost].[/] - Initializing Spring DispatcherServlet 'dispatcherServlet'
2026-02-13 00:14:02 INFO  o.s.web.servlet.DispatcherServlet - Initializing Servlet 'dispatcherServlet'
2026-02-13 00:14:02 INFO  o.s.web.servlet.DispatcherServlet - Completed initialization in 2 ms
2026-02-13 00:14:03 DEBUG org.hibernate.SQL - 
    /* SELECT
        u 
    FROM
        User u 
    WHERE
        u.email = :email */ select
            u1_0.id,
            u1_0.email,
            u1_0.password,
            u1_0.username 
        from
            users u1_0 
        where
            u1_0.email=?
2026-02-13 00:14:03 DEBUG org.hibernate.SQL - 
    select
        r1_0.user_id,
        r1_1.id,
        r1_1.description,
        r1_1.name 
    from
        users_roles r1_0 
    join
        roles r1_1 
            on r1_1.id=r1_0.roles_id 
    where
        r1_0.user_id=?
2026-02-13 00:14:03 DEBUG org.hibernate.SQL - 
    /* SELECT
        u 
    FROM
        User u 
    WHERE
        u.email = :email */ select
            u1_0.id,
            u1_0.email,
            u1_0.password,
            u1_0.username 
        from
            users u1_0 
        where
            u1_0.email=?
2026-02-13 00:14:03 DEBUG org.hibernate.SQL - 
    select
        r1_0.user_id,
        r1_1.id,
        r1_1.description,
        r1_1.name 
    from
        users_roles r1_0 
    join
        roles r1_1 
            on r1_1.id=r1_0.roles_id 
    where
        r1_0.user_id=?
2026-02-13 00:15:22 INFO  o.s.boot.tomcat.GracefulShutdown - Commencing graceful shutdown. Waiting for active requests to complete
2026-02-13 00:15:22 INFO  o.s.boot.tomcat.GracefulShutdown - Graceful shutdown complete
2026-02-13 00:15:22 INFO  o.s.o.j.LocalContainerEntityManagerFactoryBean - Closing JPA EntityManagerFactory for persistence unit 'default'
2026-02-13 00:15:22 INFO  com.zaxxer.hikari.HikariDataSource - TollPlazaHikariCP - Shutdown initiated...
2026-02-13 00:15:22 INFO  com.zaxxer.hikari.HikariDataSource - TollPlazaHikariCP - Shutdown completed.
2026-02-13 00:15:26 INFO  com.example.exam.ExamApplication - Starting ExamApplication using Java 21.0.1 with PID 5520 (D:\Spring boot projects\exam\exam\target\classes started by munee in D:\Spring boot projects\exam\exam)
2026-02-13 00:15:26 INFO  com.example.exam.ExamApplication - No active profile set, falling back to 1 default profile: "default"
2026-02-13 00:15:26 INFO  o.s.d.r.c.RepositoryConfigurationDelegate - Bootstrapping Spring Data JPA repositories in DEFAULT mode.
2026-02-13 00:15:26 INFO  o.s.d.r.c.RepositoryConfigurationDelegate - Finished Spring Data repository scanning in 42 ms. Found 2 JPA repository interfaces.
2026-02-13 00:15:27 INFO  o.s.boot.tomcat.TomcatWebServer - Tomcat initialized with port 8080 (http)
2026-02-13 00:15:27 INFO  o.a.catalina.core.StandardService - Starting service [Tomcat]
2026-02-13 00:15:27 INFO  o.a.catalina.core.StandardEngine - Starting Servlet engine: [Apache Tomcat/11.0.15]
2026-02-13 00:15:27 INFO  o.s.b.w.c.s.WebApplicationContextInitializer - Root WebApplicationContext: initialization completed in 1016 ms
2026-02-13 00:15:27 INFO  org.hibernate.orm.jpa - HHH008540: Processing PersistenceUnitInfo [name: default]
2026-02-13 00:15:27 INFO  org.hibernate.orm.core - HHH000001: Hibernate ORM core version 7.2.1.Final
2026-02-13 00:15:28 INFO  o.s.o.j.p.SpringPersistenceUnitInfo - No LoadTimeWeaver setup: ignoring JPA class transformer
2026-02-13 00:15:28 INFO  com.zaxxer.hikari.HikariDataSource - TollPlazaHikariCP - Starting...
2026-02-13 00:15:28 INFO  com.zaxxer.hikari.pool.HikariPool - TollPlazaHikariCP - Added connection org.postgresql.jdbc.PgConnection@b56c222
2026-02-13 00:15:28 INFO  com.zaxxer.hikari.HikariDataSource - TollPlazaHikariCP - Start completed.
2026-02-13 00:15:28 WARN  org.hibernate.orm.deprecation - HHH90000025: PostgreSQLDialect does not need to be specified explicitly using 'hibernate.dialect' (remove the property setting and it will be selected by default)
2026-02-13 00:15:28 INFO  o.hibernate.orm.connections.pooling - HHH10001005: Database info:
	Database JDBC URL [jdbc:postgresql://localhost:5432/exam]
	Database driver: PostgreSQL JDBC Driver
	Database dialect: PostgreSQLDialect
	Database version: 15.3
	Default catalog/schema: exam/public
	Autocommit mode: undefined/unknown
	Isolation level: READ_COMMITTED [default READ_COMMITTED]
	JDBC fetch size: none
	Pool: DataSourceConnectionProvider
	Minimum pool size: undefined/unknown
	Maximum pool size: undefined/unknown
2026-02-13 00:15:29 INFO  org.hibernate.orm.core - HHH000489: No JTA platform available (set 'hibernate.transaction.jta.platform' to enable JTA platform integration)
2026-02-13 00:15:29 INFO  o.s.o.j.LocalContainerEntityManagerFactoryBean - Initialized JPA EntityManagerFactory for persistence unit 'default'
2026-02-13 00:15:29 INFO  o.s.d.j.r.q.QueryEnhancerFactories - Hibernate is in classpath; If applicable, HQL parser will be used.
2026-02-13 00:15:29 INFO  o.s.s.c.a.a.c.InitializeUserDetailsBeanManagerConfigurer$InitializeUserDetailsManagerConfigurer - Global AuthenticationManager configured with UserDetailsService bean with name securityUserDetailsService
2026-02-13 00:15:29 INFO  o.s.boot.tomcat.TomcatWebServer - Tomcat started on port 8080 (http) with context path '/'
2026-02-13 00:15:29 INFO  com.example.exam.ExamApplication - Started ExamApplication in 3.967 seconds (process running for 4.628)
2026-02-13 00:15:37 INFO  o.a.c.c.C.[Tomcat].[localhost].[/] - Initializing Spring DispatcherServlet 'dispatcherServlet'
2026-02-13 00:15:37 INFO  o.s.web.servlet.DispatcherServlet - Initializing Servlet 'dispatcherServlet'
2026-02-13 00:15:37 INFO  o.s.web.servlet.DispatcherServlet - Completed initialization in 1 ms
2026-02-13 00:15:38 DEBUG org.hibernate.SQL - 
    /* SELECT
        u 
    FROM
        User u 
    WHERE
        u.email = :email */ select
            u1_0.id,
            u1_0.email,
            u1_0.password,
            u1_0.username 
        from
            users u1_0 
        where
            u1_0.email=?
2026-02-13 00:15:38 DEBUG org.hibernate.SQL - 
    select
        r1_0.user_id,
        r1_1.id,
        r1_1.description,
        r1_1.name 
    from
        users_roles r1_0 
    join
        roles r1_1 
            on r1_1.id=r1_0.roles_id 
    where
        r1_0.user_id=?
2026-02-13 00:15:38 DEBUG org.hibernate.SQL - 
    /* SELECT
        u 
    FROM
        User u 
    WHERE
        u.email = :email */ select
            u1_0.id,
            u1_0.email,
            u1_0.password,
            u1_0.username 
        from
            users u1_0 
        where
            u1_0.email=?
2026-02-13 00:15:38 DEBUG org.hibernate.SQL - 
    select
        r1_0.user_id,
        r1_1.id,
        r1_1.description,
        r1_1.name 
    from
        users_roles r1_0 
    join
        roles r1_1 
            on r1_1.id=r1_0.roles_id 
    where
        r1_0.user_id=?
2026-02-13 00:17:18 INFO  o.s.boot.tomcat.GracefulShutdown - Commencing graceful shutdown. Waiting for active requests to complete
2026-02-13 00:17:18 INFO  o.s.boot.tomcat.GracefulShutdown - Graceful shutdown complete
2026-02-13 00:17:18 INFO  o.s.o.j.LocalContainerEntityManagerFactoryBean - Closing JPA EntityManagerFactory for persistence unit 'default'
2026-02-13 00:17:18 INFO  com.zaxxer.hikari.HikariDataSource - TollPlazaHikariCP - Shutdown initiated...
2026-02-13 00:17:18 INFO  com.zaxxer.hikari.HikariDataSource - TollPlazaHikariCP - Shutdown completed.
2026-02-13 00:17:21 INFO  com.example.exam.ExamApplication - Starting ExamApplication using Java 21.0.1 with PID 5396 (D:\Spring boot projects\exam\exam\target\classes started by munee in D:\Spring boot projects\exam\exam)
2026-02-13 00:17:21 INFO  com.example.exam.ExamApplication - No active profile set, falling back to 1 default profile: "default"
2026-02-13 00:17:21 INFO  o.s.d.r.c.RepositoryConfigurationDelegate - Bootstrapping Spring Data JPA repositories in DEFAULT mode.
2026-02-13 00:17:21 INFO  o.s.d.r.c.RepositoryConfigurationDelegate - Finished Spring Data repository scanning in 41 ms. Found 2 JPA repository interfaces.
2026-02-13 00:17:22 INFO  o.s.boot.tomcat.TomcatWebServer - Tomcat initialized with port 8080 (http)
2026-02-13 00:17:22 INFO  o.a.catalina.core.StandardService - Starting service [Tomcat]
2026-02-13 00:17:22 INFO  o.a.catalina.core.StandardEngine - Starting Servlet engine: [Apache Tomcat/11.0.15]
2026-02-13 00:17:22 INFO  o.s.b.w.c.s.WebApplicationContextInitializer - Root WebApplicationContext: initialization completed in 1042 ms
2026-02-13 00:17:22 INFO  org.hibernate.orm.jpa - HHH008540: Processing PersistenceUnitInfo [name: default]
2026-02-13 00:17:22 INFO  org.hibernate.orm.core - HHH000001: Hibernate ORM core version 7.2.1.Final
2026-02-13 00:17:23 INFO  o.s.o.j.p.SpringPersistenceUnitInfo - No LoadTimeWeaver setup: ignoring JPA class transformer
2026-02-13 00:17:23 INFO  com.zaxxer.hikari.HikariDataSource - TollPlazaHikariCP - Starting...
2026-02-13 00:17:23 INFO  com.zaxxer.hikari.pool.HikariPool - TollPlazaHikariCP - Added connection org.postgresql.jdbc.PgConnection@5a2035e1
2026-02-13 00:17:23 INFO  com.zaxxer.hikari.HikariDataSource - TollPlazaHikariCP - Start completed.
2026-02-13 00:17:23 WARN  org.hibernate.orm.deprecation - HHH90000025: PostgreSQLDialect does not need to be specified explicitly using 'hibernate.dialect' (remove the property setting and it will be selected by default)
2026-02-13 00:17:23 INFO  o.hibernate.orm.connections.pooling - HHH10001005: Database info:
	Database JDBC URL [jdbc:postgresql://localhost:5432/exam]
	Database driver: PostgreSQL JDBC Driver
	Database dialect: PostgreSQLDialect
	Database version: 15.3
	Default catalog/schema: exam/public
	Autocommit mode: undefined/unknown
	Isolation level: READ_COMMITTED [default READ_COMMITTED]
	JDBC fetch size: none
	Pool: DataSourceConnectionProvider
	Minimum pool size: undefined/unknown
	Maximum pool size: undefined/unknown
2026-02-13 00:17:24 INFO  org.hibernate.orm.core - HHH000489: No JTA platform available (set 'hibernate.transaction.jta.platform' to enable JTA platform integration)
2026-02-13 00:17:24 INFO  o.s.o.j.LocalContainerEntityManagerFactoryBean - Initialized JPA EntityManagerFactory for persistence unit 'default'
2026-02-13 00:17:24 INFO  o.s.d.j.r.q.QueryEnhancerFactories - Hibernate is in classpath; If applicable, HQL parser will be used.
2026-02-13 00:17:24 INFO  o.s.s.c.a.a.c.InitializeUserDetailsBeanManagerConfigurer$InitializeUserDetailsManagerConfigurer - Global AuthenticationManager configured with UserDetailsService bean with name securityUserDetailsService
2026-02-13 00:17:24 INFO  o.s.boot.tomcat.TomcatWebServer - Tomcat started on port 8080 (http) with context path '/'
2026-02-13 00:17:24 INFO  com.example.exam.ExamApplication - Started ExamApplication in 4.026 seconds (process running for 4.629)
2026-02-13 00:17:51 INFO  o.a.c.c.C.[Tomcat].[localhost].[/] - Initializing Spring DispatcherServlet 'dispatcherServlet'
2026-02-13 00:17:51 INFO  o.s.web.servlet.DispatcherServlet - Initializing Servlet 'dispatcherServlet'
2026-02-13 00:17:51 INFO  o.s.web.servlet.DispatcherServlet - Completed initialization in 2 ms
2026-02-13 00:17:52 DEBUG org.hibernate.SQL - 
    /* SELECT
        u 
    FROM
        User u 
    WHERE
        u.email = :email */ select
            u1_0.id,
            u1_0.email,
            u1_0.password,
            u1_0.username 
        from
            users u1_0 
        where
            u1_0.email=?
2026-02-13 00:17:52 DEBUG org.hibernate.SQL - 
    select
        r1_0.user_id,
        r1_1.id,
        r1_1.description,
        r1_1.name 
    from
        users_roles r1_0 
    join
        roles r1_1 
            on r1_1.id=r1_0.roles_id 
    where
        r1_0.user_id=?
2026-02-13 00:17:53 DEBUG org.hibernate.SQL - 
    /* SELECT
        u 
    FROM
        User u 
    WHERE
        u.email = :email */ select
            u1_0.id,
            u1_0.email,
            u1_0.password,
            u1_0.username 
        from
            users u1_0 
        where
            u1_0.email=?
2026-02-13 00:17:53 DEBUG org.hibernate.SQL - 
    select
        r1_0.user_id,
        r1_1.id,
        r1_1.description,
        r1_1.name 
    from
        users_roles r1_0 
    join
        roles r1_1 
            on r1_1.id=r1_0.roles_id 
    where
        r1_0.user_id=?
2026-02-13 00:20:22 INFO  o.s.boot.tomcat.GracefulShutdown - Commencing graceful shutdown. Waiting for active requests to complete
2026-02-13 00:20:22 INFO  o.s.boot.tomcat.GracefulShutdown - Graceful shutdown complete
2026-02-13 00:20:22 INFO  o.s.o.j.LocalContainerEntityManagerFactoryBean - Closing JPA EntityManagerFactory for persistence unit 'default'
2026-02-13 00:20:22 INFO  com.zaxxer.hikari.HikariDataSource - TollPlazaHikariCP - Shutdown initiated...
2026-02-13 00:20:22 INFO  com.zaxxer.hikari.HikariDataSource - TollPlazaHikariCP - Shutdown completed.
2026-02-13 00:20:25 INFO  com.example.exam.ExamApplication - Starting ExamApplication using Java 21.0.1 with PID 8376 (D:\Spring boot projects\exam\exam\target\classes started by munee in D:\Spring boot projects\exam\exam)
2026-02-13 00:20:25 INFO  com.example.exam.ExamApplication - No active profile set, falling back to 1 default profile: "default"
2026-02-13 00:20:26 INFO  o.s.d.r.c.RepositoryConfigurationDelegate - Bootstrapping Spring Data JPA repositories in DEFAULT mode.
2026-02-13 00:20:26 INFO  o.s.d.r.c.RepositoryConfigurationDelegate - Finished Spring Data repository scanning in 40 ms. Found 2 JPA repository interfaces.
2026-02-13 00:20:26 INFO  o.s.boot.tomcat.TomcatWebServer - Tomcat initialized with port 8080 (http)
2026-02-13 00:20:26 INFO  o.a.catalina.core.StandardService - Starting service [Tomcat]
2026-02-13 00:20:26 INFO  o.a.catalina.core.StandardEngine - Starting Servlet engine: [Apache Tomcat/11.0.15]
2026-02-13 00:20:26 INFO  o.s.b.w.c.s.WebApplicationContextInitializer - Root WebApplicationContext: initialization completed in 1052 ms
2026-02-13 00:20:27 INFO  org.hibernate.orm.jpa - HHH008540: Processing PersistenceUnitInfo [name: default]
2026-02-13 00:20:27 INFO  org.hibernate.orm.core - HHH000001: Hibernate ORM core version 7.2.1.Final
2026-02-13 00:20:27 INFO  o.s.o.j.p.SpringPersistenceUnitInfo - No LoadTimeWeaver setup: ignoring JPA class transformer
2026-02-13 00:20:27 INFO  com.zaxxer.hikari.HikariDataSource - TollPlazaHikariCP - Starting...
2026-02-13 00:20:27 INFO  com.zaxxer.hikari.pool.HikariPool - TollPlazaHikariCP - Added connection org.postgresql.jdbc.PgConnection@b56c222
2026-02-13 00:20:27 INFO  com.zaxxer.hikari.HikariDataSource - TollPlazaHikariCP - Start completed.
2026-02-13 00:20:27 WARN  org.hibernate.orm.deprecation - HHH90000025: PostgreSQLDialect does not need to be specified explicitly using 'hibernate.dialect' (remove the property setting and it will be selected by default)
2026-02-13 00:20:27 INFO  o.hibernate.orm.connections.pooling - HHH10001005: Database info:
	Database JDBC URL [jdbc:postgresql://localhost:5432/exam]
	Database driver: PostgreSQL JDBC Driver
	Database dialect: PostgreSQLDialect
	Database version: 15.3
	Default catalog/schema: exam/public
	Autocommit mode: undefined/unknown
	Isolation level: READ_COMMITTED [default READ_COMMITTED]
	JDBC fetch size: none
	Pool: DataSourceConnectionProvider
	Minimum pool size: undefined/unknown
	Maximum pool size: undefined/unknown
2026-02-13 00:20:28 INFO  org.hibernate.orm.core - HHH000489: No JTA platform available (set 'hibernate.transaction.jta.platform' to enable JTA platform integration)
2026-02-13 00:20:28 INFO  o.s.o.j.LocalContainerEntityManagerFactoryBean - Initialized JPA EntityManagerFactory for persistence unit 'default'
2026-02-13 00:20:28 INFO  o.s.d.j.r.q.QueryEnhancerFactories - Hibernate is in classpath; If applicable, HQL parser will be used.
2026-02-13 00:20:28 INFO  o.s.s.c.a.a.c.InitializeUserDetailsBeanManagerConfigurer$InitializeUserDetailsManagerConfigurer - Global AuthenticationManager configured with UserDetailsService bean with name securityUserDetailsService
2026-02-13 00:20:29 INFO  o.s.boot.tomcat.TomcatWebServer - Tomcat started on port 8080 (http) with context path '/'
2026-02-13 00:20:29 INFO  com.example.exam.ExamApplication - Started ExamApplication in 3.963 seconds (process running for 4.555)
2026-02-13 00:20:36 INFO  o.a.c.c.C.[Tomcat].[localhost].[/] - Initializing Spring DispatcherServlet 'dispatcherServlet'
2026-02-13 00:20:36 INFO  o.s.web.servlet.DispatcherServlet - Initializing Servlet 'dispatcherServlet'
2026-02-13 00:20:36 INFO  o.s.web.servlet.DispatcherServlet - Completed initialization in 2 ms
2026-02-13 00:20:37 DEBUG org.hibernate.SQL - 
    /* SELECT
        u 
    FROM
        User u 
    WHERE
        u.email = :email */ select
            u1_0.id,
            u1_0.email,
            u1_0.password,
            u1_0.username 
        from
            users u1_0 
        where
            u1_0.email=?
2026-02-13 00:20:37 DEBUG org.hibernate.SQL - 
    select
        r1_0.user_id,
        r1_1.id,
        r1_1.description,
        r1_1.name 
    from
        users_roles r1_0 
    join
        roles r1_1 
            on r1_1.id=r1_0.roles_id 
    where
        r1_0.user_id=?
2026-02-13 00:20:37 DEBUG org.hibernate.SQL - 
    /* SELECT
        u 
    FROM
        User u 
    WHERE
        u.email = :email */ select
            u1_0.id,
            u1_0.email,
            u1_0.password,
            u1_0.username 
        from
            users u1_0 
        where
            u1_0.email=?
2026-02-13 00:20:37 DEBUG org.hibernate.SQL - 
    select
        r1_0.user_id,
        r1_1.id,
        r1_1.description,
        r1_1.name 
    from
        users_roles r1_0 
    join
        roles r1_1 
            on r1_1.id=r1_0.roles_id 
    where
        r1_0.user_id=?
2026-02-13 00:22:56 INFO  o.s.boot.tomcat.GracefulShutdown - Commencing graceful shutdown. Waiting for active requests to complete
2026-02-13 00:22:56 INFO  o.s.boot.tomcat.GracefulShutdown - Graceful shutdown complete
2026-02-13 00:22:56 INFO  o.s.o.j.LocalContainerEntityManagerFactoryBean - Closing JPA EntityManagerFactory for persistence unit 'default'
2026-02-13 00:22:56 INFO  com.zaxxer.hikari.HikariDataSource - TollPlazaHikariCP - Shutdown initiated...
2026-02-13 00:22:56 INFO  com.zaxxer.hikari.HikariDataSource - TollPlazaHikariCP - Shutdown completed.
2026-02-13 00:22:59 INFO  com.example.exam.ExamApplication - Starting ExamApplication using Java 21.0.1 with PID 5056 (D:\Spring boot projects\exam\exam\target\classes started by munee in D:\Spring boot projects\exam\exam)
2026-02-13 00:22:59 INFO  com.example.exam.ExamApplication - No active profile set, falling back to 1 default profile: "default"
2026-02-13 00:23:00 INFO  o.s.d.r.c.RepositoryConfigurationDelegate - Bootstrapping Spring Data JPA repositories in DEFAULT mode.
2026-02-13 00:23:00 INFO  o.s.d.r.c.RepositoryConfigurationDelegate - Finished Spring Data repository scanning in 41 ms. Found 2 JPA repository interfaces.
2026-02-13 00:23:00 INFO  o.s.boot.tomcat.TomcatWebServer - Tomcat initialized with port 8080 (http)
2026-02-13 00:23:00 INFO  o.a.catalina.core.StandardService - Starting service [Tomcat]
2026-02-13 00:23:00 INFO  o.a.catalina.core.StandardEngine - Starting Servlet engine: [Apache Tomcat/11.0.15]
2026-02-13 00:23:00 INFO  o.s.b.w.c.s.WebApplicationContextInitializer - Root WebApplicationContext: initialization completed in 1187 ms
2026-02-13 00:23:00 INFO  org.hibernate.orm.jpa - HHH008540: Processing PersistenceUnitInfo [name: default]
2026-02-13 00:23:00 INFO  org.hibernate.orm.core - HHH000001: Hibernate ORM core version 7.2.1.Final
2026-02-13 00:23:01 INFO  o.s.o.j.p.SpringPersistenceUnitInfo - No LoadTimeWeaver setup: ignoring JPA class transformer
2026-02-13 00:23:01 INFO  com.zaxxer.hikari.HikariDataSource - TollPlazaHikariCP - Starting...
2026-02-13 00:23:01 INFO  com.zaxxer.hikari.pool.HikariPool - TollPlazaHikariCP - Added connection org.postgresql.jdbc.PgConnection@49cceb19
2026-02-13 00:23:01 INFO  com.zaxxer.hikari.HikariDataSource - TollPlazaHikariCP - Start completed.
2026-02-13 00:23:01 WARN  org.hibernate.orm.deprecation - HHH90000025: PostgreSQLDialect does not need to be specified explicitly using 'hibernate.dialect' (remove the property setting and it will be selected by default)
2026-02-13 00:23:01 INFO  o.hibernate.orm.connections.pooling - HHH10001005: Database info:
	Database JDBC URL [jdbc:postgresql://localhost:5432/exam]
	Database driver: PostgreSQL JDBC Driver
	Database dialect: PostgreSQLDialect
	Database version: 15.3
	Default catalog/schema: exam/public
	Autocommit mode: undefined/unknown
	Isolation level: READ_COMMITTED [default READ_COMMITTED]
	JDBC fetch size: none
	Pool: DataSourceConnectionProvider
	Minimum pool size: undefined/unknown
	Maximum pool size: undefined/unknown
2026-02-13 00:23:03 INFO  org.hibernate.orm.core - HHH000489: No JTA platform available (set 'hibernate.transaction.jta.platform' to enable JTA platform integration)
2026-02-13 00:23:03 INFO  o.s.o.j.LocalContainerEntityManagerFactoryBean - Initialized JPA EntityManagerFactory for persistence unit 'default'
2026-02-13 00:23:03 INFO  o.s.d.j.r.q.QueryEnhancerFactories - Hibernate is in classpath; If applicable, HQL parser will be used.
2026-02-13 00:23:03 INFO  o.s.s.c.a.a.c.InitializeUserDetailsBeanManagerConfigurer$InitializeUserDetailsManagerConfigurer - Global AuthenticationManager configured with UserDetailsService bean with name securityUserDetailsService
2026-02-13 00:23:04 INFO  o.s.boot.tomcat.TomcatWebServer - Tomcat started on port 8080 (http) with context path '/'
2026-02-13 00:23:04 INFO  com.example.exam.ExamApplication - Started ExamApplication in 5.307 seconds (process running for 6.048)
2026-02-13 00:23:13 INFO  o.a.c.c.C.[Tomcat].[localhost].[/] - Initializing Spring DispatcherServlet 'dispatcherServlet'
2026-02-13 00:23:13 INFO  o.s.web.servlet.DispatcherServlet - Initializing Servlet 'dispatcherServlet'
2026-02-13 00:23:13 INFO  o.s.web.servlet.DispatcherServlet - Completed initialization in 2 ms
2026-02-13 00:23:14 DEBUG org.hibernate.SQL - 
    /* SELECT
        u 
    FROM
        User u 
    WHERE
        u.email = :email */ select
            u1_0.id,
            u1_0.email,
            u1_0.password,
            u1_0.username 
        from
            users u1_0 
        where
            u1_0.email=?
2026-02-13 00:23:14 DEBUG org.hibernate.SQL - 
    select
        r1_0.user_id,
        r1_1.id,
        r1_1.description,
        r1_1.name 
    from
        users_roles r1_0 
    join
        roles r1_1 
            on r1_1.id=r1_0.roles_id 
    where
        r1_0.user_id=?
2026-02-13 00:23:14 WARN  o.s.s.c.bcrypt.BCryptPasswordEncoder - Encoded password does not look like BCrypt
2026-02-13 00:23:28 DEBUG org.hibernate.SQL - 
    /* SELECT
        u 
    FROM
        User u 
    WHERE
        u.email = :email */ select
            u1_0.id,
            u1_0.email,
            u1_0.password,
            u1_0.username 
        from
            users u1_0 
        where
            u1_0.email=?
2026-02-13 00:23:28 DEBUG org.hibernate.SQL - 
    select
        r1_0.user_id,
        r1_1.id,
        r1_1.description,
        r1_1.name 
    from
        users_roles r1_0 
    join
        roles r1_1 
            on r1_1.id=r1_0.roles_id 
    where
        r1_0.user_id=?
2026-02-13 00:23:28 DEBUG org.hibernate.SQL - 
    /* SELECT
        u 
    FROM
        User u 
    WHERE
        u.email = :email */ select
            u1_0.id,
            u1_0.email,
            u1_0.password,
            u1_0.username 
        from
            users u1_0 
        where
            u1_0.email=?
2026-02-13 00:23:28 DEBUG org.hibernate.SQL - 
    select
        r1_0.user_id,
        r1_1.id,
        r1_1.description,
        r1_1.name 
    from
        users_roles r1_0 
    join
        roles r1_1 
            on r1_1.id=r1_0.roles_id 
    where
        r1_0.user_id=?
2026-02-13 00:23:59 INFO  o.s.boot.tomcat.GracefulShutdown - Commencing graceful shutdown. Waiting for active requests to complete
2026-02-13 00:23:59 INFO  o.s.boot.tomcat.GracefulShutdown - Graceful shutdown complete
2026-02-13 00:23:59 INFO  o.s.o.j.LocalContainerEntityManagerFactoryBean - Closing JPA EntityManagerFactory for persistence unit 'default'
2026-02-13 00:23:59 INFO  com.zaxxer.hikari.HikariDataSource - TollPlazaHikariCP - Shutdown initiated...
2026-02-13 00:23:59 INFO  com.zaxxer.hikari.HikariDataSource - TollPlazaHikariCP - Shutdown completed.
2026-02-13 00:24:02 INFO  com.example.exam.ExamApplication - Starting ExamApplication using Java 21.0.1 with PID 11544 (D:\Spring boot projects\exam\exam\target\classes started by munee in D:\Spring boot projects\exam\exam)
2026-02-13 00:24:02 INFO  com.example.exam.ExamApplication - No active profile set, falling back to 1 default profile: "default"
2026-02-13 00:24:03 INFO  o.s.d.r.c.RepositoryConfigurationDelegate - Bootstrapping Spring Data JPA repositories in DEFAULT mode.
2026-02-13 00:24:03 INFO  o.s.d.r.c.RepositoryConfigurationDelegate - Finished Spring Data repository scanning in 38 ms. Found 2 JPA repository interfaces.
2026-02-13 00:24:03 INFO  o.s.boot.tomcat.TomcatWebServer - Tomcat initialized with port 8080 (http)
2026-02-13 00:24:03 INFO  o.a.catalina.core.StandardService - Starting service [Tomcat]
2026-02-13 00:24:03 INFO  o.a.catalina.core.StandardEngine - Starting Servlet engine: [Apache Tomcat/11.0.15]
2026-02-13 00:24:03 INFO  o.s.b.w.c.s.WebApplicationContextInitializer - Root WebApplicationContext: initialization completed in 1067 ms
2026-02-13 00:24:04 INFO  org.hibernate.orm.jpa - HHH008540: Processing PersistenceUnitInfo [name: default]
2026-02-13 00:24:04 INFO  org.hibernate.orm.core - HHH000001: Hibernate ORM core version 7.2.1.Final
2026-02-13 00:24:04 INFO  o.s.o.j.p.SpringPersistenceUnitInfo - No LoadTimeWeaver setup: ignoring JPA class transformer
2026-02-13 00:24:04 INFO  com.zaxxer.hikari.HikariDataSource - TollPlazaHikariCP - Starting...
2026-02-13 00:24:04 INFO  com.zaxxer.hikari.pool.HikariPool - TollPlazaHikariCP - Added connection org.postgresql.jdbc.PgConnection@b56c222
2026-02-13 00:24:04 INFO  com.zaxxer.hikari.HikariDataSource - TollPlazaHikariCP - Start completed.
2026-02-13 00:24:04 WARN  org.hibernate.orm.deprecation - HHH90000025: PostgreSQLDialect does not need to be specified explicitly using 'hibernate.dialect' (remove the property setting and it will be selected by default)
2026-02-13 00:24:04 INFO  o.hibernate.orm.connections.pooling - HHH10001005: Database info:
	Database JDBC URL [jdbc:postgresql://localhost:5432/exam]
	Database driver: PostgreSQL JDBC Driver
	Database dialect: PostgreSQLDialect
	Database version: 15.3
	Default catalog/schema: exam/public
	Autocommit mode: undefined/unknown
	Isolation level: READ_COMMITTED [default READ_COMMITTED]
	JDBC fetch size: none
	Pool: DataSourceConnectionProvider
	Minimum pool size: undefined/unknown
	Maximum pool size: undefined/unknown
2026-02-13 00:24:05 INFO  org.hibernate.orm.core - HHH000489: No JTA platform available (set 'hibernate.transaction.jta.platform' to enable JTA platform integration)
2026-02-13 00:24:05 INFO  o.s.o.j.LocalContainerEntityManagerFactoryBean - Initialized JPA EntityManagerFactory for persistence unit 'default'
2026-02-13 00:24:05 INFO  o.s.d.j.r.q.QueryEnhancerFactories - Hibernate is in classpath; If applicable, HQL parser will be used.
2026-02-13 00:24:05 INFO  o.s.s.c.a.a.c.InitializeUserDetailsBeanManagerConfigurer$InitializeUserDetailsManagerConfigurer - Global AuthenticationManager configured with UserDetailsService bean with name securityUserDetailsService
2026-02-13 00:24:06 INFO  o.s.boot.tomcat.TomcatWebServer - Tomcat started on port 8080 (http) with context path '/'
2026-02-13 00:24:06 INFO  com.example.exam.ExamApplication - Started ExamApplication in 4.025 seconds (process running for 4.615)
2026-02-13 00:24:23 INFO  o.a.c.c.C.[Tomcat].[localhost].[/] - Initializing Spring DispatcherServlet 'dispatcherServlet'
2026-02-13 00:24:23 INFO  o.s.web.servlet.DispatcherServlet - Initializing Servlet 'dispatcherServlet'
2026-02-13 00:24:23 INFO  o.s.web.servlet.DispatcherServlet - Completed initialization in 4 ms
2026-02-13 00:24:24 DEBUG org.hibernate.SQL - 
    /* <criteria> */ select
        r1_0.id,
        r1_0.description,
        r1_0.name 
    from
        roles r1_0 
    where
        r1_0.id in (?)
2026-02-13 00:24:24 DEBUG org.hibernate.SQL - 
    /* insert 
    for
        com.example.exam.model.User
        */insert 
    into
        users (email, password, username) 
    values
        (?, ?, ?)
2026-02-13 00:24:24 DEBUG org.hibernate.SQL - 
    /* insert 
    for
        com.example.exam.model.User.roles
        */insert 
    into
        users_roles (user_id, roles_id) 
    values
        (?, ?)
2026-02-13 00:25:43 DEBUG org.hibernate.SQL - 
    /* SELECT
        u 
    FROM
        User u 
    WHERE
        u.email = :email */ select
            u1_0.id,
            u1_0.email,
            u1_0.password,
            u1_0.username 
        from
            users u1_0 
        where
            u1_0.email=?
2026-02-13 00:25:43 DEBUG org.hibernate.SQL - 
    select
        r1_0.user_id,
        r1_1.id,
        r1_1.description,
        r1_1.name 
    from
        users_roles r1_0 
    join
        roles r1_1 
            on r1_1.id=r1_0.roles_id 
    where
        r1_0.user_id=?
2026-02-13 00:25:43 DEBUG org.hibernate.SQL - 
    select
        r1_0.user_id,
        r1_1.id,
        r1_1.description,
        r1_1.name 
    from
        users_roles r1_0 
    join
        roles r1_1 
            on r1_1.id=r1_0.roles_id 
    where
        r1_0.user_id=?
2026-02-13 00:26:30 INFO  o.s.boot.tomcat.GracefulShutdown - Commencing graceful shutdown. Waiting for active requests to complete
2026-02-13 00:26:30 INFO  o.s.boot.tomcat.GracefulShutdown - Graceful shutdown complete
2026-02-13 00:26:30 INFO  o.s.o.j.LocalContainerEntityManagerFactoryBean - Closing JPA EntityManagerFactory for persistence unit 'default'
2026-02-13 00:26:30 INFO  com.zaxxer.hikari.HikariDataSource - TollPlazaHikariCP - Shutdown initiated...
2026-02-13 00:26:30 INFO  com.zaxxer.hikari.HikariDataSource - TollPlazaHikariCP - Shutdown completed.
2026-02-13 00:26:33 INFO  com.example.exam.ExamApplication - Starting ExamApplication using Java 21.0.1 with PID 6840 (D:\Spring boot projects\exam\exam\target\classes started by munee in D:\Spring boot projects\exam\exam)
2026-02-13 00:26:33 INFO  com.example.exam.ExamApplication - No active profile set, falling back to 1 default profile: "default"
2026-02-13 00:26:33 INFO  o.s.d.r.c.RepositoryConfigurationDelegate - Bootstrapping Spring Data JPA repositories in DEFAULT mode.
2026-02-13 00:26:33 INFO  o.s.d.r.c.RepositoryConfigurationDelegate - Finished Spring Data repository scanning in 42 ms. Found 2 JPA repository interfaces.
2026-02-13 00:26:34 INFO  o.s.boot.tomcat.TomcatWebServer - Tomcat initialized with port 8080 (http)
2026-02-13 00:26:34 INFO  o.a.catalina.core.StandardService - Starting service [Tomcat]
2026-02-13 00:26:34 INFO  o.a.catalina.core.StandardEngine - Starting Servlet engine: [Apache Tomcat/11.0.15]
2026-02-13 00:26:34 INFO  o.s.b.w.c.s.WebApplicationContextInitializer - Root WebApplicationContext: initialization completed in 1046 ms
2026-02-13 00:26:34 INFO  org.hibernate.orm.jpa - HHH008540: Processing PersistenceUnitInfo [name: default]
2026-02-13 00:26:34 INFO  org.hibernate.orm.core - HHH000001: Hibernate ORM core version 7.2.1.Final
2026-02-13 00:26:34 INFO  o.s.o.j.p.SpringPersistenceUnitInfo - No LoadTimeWeaver setup: ignoring JPA class transformer
2026-02-13 00:26:34 INFO  com.zaxxer.hikari.HikariDataSource - TollPlazaHikariCP - Starting...
2026-02-13 00:26:35 INFO  com.zaxxer.hikari.pool.HikariPool - TollPlazaHikariCP - Added connection org.postgresql.jdbc.PgConnection@5a2035e1
2026-02-13 00:26:35 INFO  com.zaxxer.hikari.HikariDataSource - TollPlazaHikariCP - Start completed.
2026-02-13 00:26:35 WARN  org.hibernate.orm.deprecation - HHH90000025: PostgreSQLDialect does not need to be specified explicitly using 'hibernate.dialect' (remove the property setting and it will be selected by default)
2026-02-13 00:26:35 INFO  o.hibernate.orm.connections.pooling - HHH10001005: Database info:
	Database JDBC URL [jdbc:postgresql://localhost:5432/exam]
	Database driver: PostgreSQL JDBC Driver
	Database dialect: PostgreSQLDialect
	Database version: 15.3
	Default catalog/schema: exam/public
	Autocommit mode: undefined/unknown
	Isolation level: READ_COMMITTED [default READ_COMMITTED]
	JDBC fetch size: none
	Pool: DataSourceConnectionProvider
	Minimum pool size: undefined/unknown
	Maximum pool size: undefined/unknown
2026-02-13 00:26:36 INFO  org.hibernate.orm.core - HHH000489: No JTA platform available (set 'hibernate.transaction.jta.platform' to enable JTA platform integration)
2026-02-13 00:26:36 INFO  o.s.o.j.LocalContainerEntityManagerFactoryBean - Initialized JPA EntityManagerFactory for persistence unit 'default'
2026-02-13 00:26:36 INFO  o.s.d.j.r.q.QueryEnhancerFactories - Hibernate is in classpath; If applicable, HQL parser will be used.
2026-02-13 00:26:36 INFO  o.s.s.c.a.a.c.InitializeUserDetailsBeanManagerConfigurer$InitializeUserDetailsManagerConfigurer - Global AuthenticationManager configured with UserDetailsService bean with name securityUserDetailsService
2026-02-13 00:26:36 INFO  o.s.boot.tomcat.TomcatWebServer - Tomcat started on port 8080 (http) with context path '/'
2026-02-13 00:26:36 INFO  com.example.exam.ExamApplication - Started ExamApplication in 3.965 seconds (process running for 4.618)
2026-02-13 00:27:04 INFO  o.a.c.c.C.[Tomcat].[localhost].[/] - Initializing Spring DispatcherServlet 'dispatcherServlet'
2026-02-13 00:27:04 INFO  o.s.web.servlet.DispatcherServlet - Initializing Servlet 'dispatcherServlet'
2026-02-13 00:27:04 INFO  o.s.web.servlet.DispatcherServlet - Completed initialization in 2 ms
2026-02-13 00:27:05 DEBUG org.hibernate.SQL - 
    /* SELECT
        u 
    FROM
        User u 
    WHERE
        u.email = :email */ select
            u1_0.id,
            u1_0.email,
            u1_0.password,
            u1_0.username 
        from
            users u1_0 
        where
            u1_0.email=?
2026-02-13 00:27:05 DEBUG org.hibernate.SQL - 
    select
        r1_0.user_id,
        r1_1.id,
        r1_1.description,
        r1_1.name 
    from
        users_roles r1_0 
    join
        roles r1_1 
            on r1_1.id=r1_0.roles_id 
    where
        r1_0.user_id=?
2026-02-13 00:27:05 DEBUG org.hibernate.SQL - 
    select
        r1_0.user_id,
        r1_1.id,
        r1_1.description,
        r1_1.name 
    from
        users_roles r1_0 
    join
        roles r1_1 
            on r1_1.id=r1_0.roles_id 
    where
        r1_0.user_id=?
2026-02-13 00:27:06 DEBUG org.hibernate.SQL - 
    /* SELECT
        u 
    FROM
        User u 
    WHERE
        u.email = :email */ select
            u1_0.id,
            u1_0.email,
            u1_0.password,
            u1_0.username 
        from
            users u1_0 
        where
            u1_0.email=?
2026-02-13 00:27:06 DEBUG org.hibernate.SQL - 
    select
        r1_0.user_id,
        r1_1.id,
        r1_1.description,
        r1_1.name 
    from
        users_roles r1_0 
    join
        roles r1_1 
            on r1_1.id=r1_0.roles_id 
    where
        r1_0.user_id=?
2026-02-13 00:27:06 DEBUG org.hibernate.SQL - 
    select
        r1_0.user_id,
        r1_1.id,
        r1_1.description,
        r1_1.name 
    from
        users_roles r1_0 
    join
        roles r1_1 
            on r1_1.id=r1_0.roles_id 
    where
        r1_0.user_id=?
2026-02-13 00:27:44 DEBUG org.hibernate.SQL - 
    /* SELECT
        u 
    FROM
        User u 
    WHERE
        u.email = :email */ select
            u1_0.id,
            u1_0.email,
            u1_0.password,
            u1_0.username 
        from
            users u1_0 
        where
            u1_0.email=?
2026-02-13 00:27:44 DEBUG org.hibernate.SQL - 
    select
        r1_0.user_id,
        r1_1.id,
        r1_1.description,
        r1_1.name 
    from
        users_roles r1_0 
    join
        roles r1_1 
            on r1_1.id=r1_0.roles_id 
    where
        r1_0.user_id=?
2026-02-13 00:27:44 DEBUG org.hibernate.SQL - 
    select
        r1_0.user_id,
        r1_1.id,
        r1_1.description,
        r1_1.name 
    from
        users_roles r1_0 
    join
        roles r1_1 
            on r1_1.id=r1_0.roles_id 
    where
        r1_0.user_id=?
2026-02-13 00:27:44 DEBUG org.hibernate.SQL - 
    /* SELECT
        u 
    FROM
        User u 
    WHERE
        u.email = :email */ select
            u1_0.id,
            u1_0.email,
            u1_0.password,
            u1_0.username 
        from
            users u1_0 
        where
            u1_0.email=?
2026-02-13 00:27:44 DEBUG org.hibernate.SQL - 
    select
        r1_0.user_id,
        r1_1.id,
        r1_1.description,
        r1_1.name 
    from
        users_roles r1_0 
    join
        roles r1_1 
            on r1_1.id=r1_0.roles_id 
    where
        r1_0.user_id=?
2026-02-13 00:27:44 DEBUG org.hibernate.SQL - 
    /* SELECT
        u 
    FROM
        User u 
    WHERE
        u.email = :email */ select
            u1_0.id,
            u1_0.email,
            u1_0.password,
            u1_0.username 
        from
            users u1_0 
        where
            u1_0.email=?
2026-02-13 00:27:44 DEBUG org.hibernate.SQL - 
    select
        r1_0.user_id,
        r1_1.id,
        r1_1.description,
        r1_1.name 
    from
        users_roles r1_0 
    join
        roles r1_1 
            on r1_1.id=r1_0.roles_id 
    where
        r1_0.user_id=?
2026-02-13 00:27:56 DEBUG org.hibernate.SQL - 
    /* SELECT
        u 
    FROM
        User u 
    WHERE
        u.email = :email */ select
            u1_0.id,
            u1_0.email,
            u1_0.password,
            u1_0.username 
        from
            users u1_0 
        where
            u1_0.email=?
2026-02-13 00:27:56 DEBUG org.hibernate.SQL - 
    select
        r1_0.user_id,
        r1_1.id,
        r1_1.description,
        r1_1.name 
    from
        users_roles r1_0 
    join
        roles r1_1 
            on r1_1.id=r1_0.roles_id 
    where
        r1_0.user_id=?
2026-02-13 00:27:56 DEBUG org.hibernate.SQL - 
    select
        r1_0.user_id,
        r1_1.id,
        r1_1.description,
        r1_1.name 
    from
        users_roles r1_0 
    join
        roles r1_1 
            on r1_1.id=r1_0.roles_id 
    where
        r1_0.user_id=?
2026-02-13 00:28:10 DEBUG org.hibernate.SQL - 
    /* SELECT
        u 
    FROM
        User u 
    WHERE
        u.email = :email */ select
            u1_0.id,
            u1_0.email,
            u1_0.password,
            u1_0.username 
        from
            users u1_0 
        where
            u1_0.email=?
2026-02-13 00:28:10 DEBUG org.hibernate.SQL - 
    select
        r1_0.user_id,
        r1_1.id,
        r1_1.description,
        r1_1.name 
    from
        users_roles r1_0 
    join
        roles r1_1 
            on r1_1.id=r1_0.roles_id 
    where
        r1_0.user_id=?
2026-02-13 00:28:11 DEBUG org.hibernate.SQL - 
    /* SELECT
        u 
    FROM
        User u 
    WHERE
        u.email = :email */ select
            u1_0.id,
            u1_0.email,
            u1_0.password,
            u1_0.username 
        from
            users u1_0 
        where
            u1_0.email=?
2026-02-13 00:28:11 DEBUG org.hibernate.SQL - 
    select
        r1_0.user_id,
        r1_1.id,
        r1_1.description,
        r1_1.name 
    from
        users_roles r1_0 
    join
        roles r1_1 
            on r1_1.id=r1_0.roles_id 
    where
        r1_0.user_id=?
2026-02-13 00:28:21 DEBUG org.hibernate.SQL - 
    /* SELECT
        u 
    FROM
        User u 
    WHERE
        u.email = :email */ select
            u1_0.id,
            u1_0.email,
            u1_0.password,
            u1_0.username 
        from
            users u1_0 
        where
            u1_0.email=?
2026-02-13 00:28:21 DEBUG org.hibernate.SQL - 
    select
        r1_0.user_id,
        r1_1.id,
        r1_1.description,
        r1_1.name 
    from
        users_roles r1_0 
    join
        roles r1_1 
            on r1_1.id=r1_0.roles_id 
    where
        r1_0.user_id=?
2026-02-13 00:28:38 DEBUG org.hibernate.SQL - 
    /* SELECT
        u 
    FROM
        User u 
    WHERE
        u.email = :email */ select
            u1_0.id,
            u1_0.email,
            u1_0.password,
            u1_0.username 
        from
            users u1_0 
        where
            u1_0.email=?
2026-02-13 00:28:38 DEBUG org.hibernate.SQL - 
    select
        r1_0.user_id,
        r1_1.id,
        r1_1.description,
        r1_1.name 
    from
        users_roles r1_0 
    join
        roles r1_1 
            on r1_1.id=r1_0.roles_id 
    where
        r1_0.user_id=?
2026-02-13 00:28:59 DEBUG org.hibernate.SQL - 
    /* SELECT
        u 
    FROM
        User u 
    WHERE
        u.email = :email */ select
            u1_0.id,
            u1_0.email,
            u1_0.password,
            u1_0.username 
        from
            users u1_0 
        where
            u1_0.email=?
2026-02-13 00:28:59 DEBUG org.hibernate.SQL - 
    select
        r1_0.user_id,
        r1_1.id,
        r1_1.description,
        r1_1.name 
    from
        users_roles r1_0 
    join
        roles r1_1 
            on r1_1.id=r1_0.roles_id 
    where
        r1_0.user_id=?
2026-02-13 00:30:33 INFO  o.s.boot.tomcat.GracefulShutdown - Commencing graceful shutdown. Waiting for active requests to complete
2026-02-13 00:30:33 INFO  o.s.boot.tomcat.GracefulShutdown - Graceful shutdown complete
2026-02-13 00:30:33 INFO  o.s.o.j.LocalContainerEntityManagerFactoryBean - Closing JPA EntityManagerFactory for persistence unit 'default'
2026-02-13 00:30:33 INFO  com.zaxxer.hikari.HikariDataSource - TollPlazaHikariCP - Shutdown initiated...
2026-02-13 00:30:33 INFO  com.zaxxer.hikari.HikariDataSource - TollPlazaHikariCP - Shutdown completed.
2026-02-13 00:30:35 INFO  com.example.exam.ExamApplication - Starting ExamApplication using Java 21.0.1 with PID 15840 (D:\Spring boot projects\exam\exam\target\classes started by munee in D:\Spring boot projects\exam\exam)
2026-02-13 00:30:35 INFO  com.example.exam.ExamApplication - No active profile set, falling back to 1 default profile: "default"
2026-02-13 00:30:35 INFO  o.s.d.r.c.RepositoryConfigurationDelegate - Bootstrapping Spring Data JPA repositories in DEFAULT mode.
2026-02-13 00:30:36 INFO  o.s.d.r.c.RepositoryConfigurationDelegate - Finished Spring Data repository scanning in 41 ms. Found 2 JPA repository interfaces.
2026-02-13 00:30:36 INFO  o.s.boot.tomcat.TomcatWebServer - Tomcat initialized with port 8080 (http)
2026-02-13 00:30:36 INFO  o.a.catalina.core.StandardService - Starting service [Tomcat]
2026-02-13 00:30:36 INFO  o.a.catalina.core.StandardEngine - Starting Servlet engine: [Apache Tomcat/11.0.15]
2026-02-13 00:30:36 INFO  o.s.b.w.c.s.WebApplicationContextInitializer - Root WebApplicationContext: initialization completed in 963 ms
2026-02-13 00:30:36 INFO  org.hibernate.orm.jpa - HHH008540: Processing PersistenceUnitInfo [name: default]
2026-02-13 00:30:36 INFO  org.hibernate.orm.core - HHH000001: Hibernate ORM core version 7.2.1.Final
2026-02-13 00:30:37 INFO  o.s.o.j.p.SpringPersistenceUnitInfo - No LoadTimeWeaver setup: ignoring JPA class transformer
2026-02-13 00:30:37 INFO  com.zaxxer.hikari.HikariDataSource - TollPlazaHikariCP - Starting...
2026-02-13 00:30:37 INFO  com.zaxxer.hikari.pool.HikariPool - TollPlazaHikariCP - Added connection org.postgresql.jdbc.PgConnection@638d2ce3
2026-02-13 00:30:37 INFO  com.zaxxer.hikari.HikariDataSource - TollPlazaHikariCP - Start completed.
2026-02-13 00:30:37 WARN  org.hibernate.orm.deprecation - HHH90000025: PostgreSQLDialect does not need to be specified explicitly using 'hibernate.dialect' (remove the property setting and it will be selected by default)
2026-02-13 00:30:37 INFO  o.hibernate.orm.connections.pooling - HHH10001005: Database info:
	Database JDBC URL [jdbc:postgresql://localhost:5432/exam]
	Database driver: PostgreSQL JDBC Driver
	Database dialect: PostgreSQLDialect
	Database version: 15.3
	Default catalog/schema: exam/public
	Autocommit mode: undefined/unknown
	Isolation level: READ_COMMITTED [default READ_COMMITTED]
	JDBC fetch size: none
	Pool: DataSourceConnectionProvider
	Minimum pool size: undefined/unknown
	Maximum pool size: undefined/unknown
2026-02-13 00:30:38 INFO  org.hibernate.orm.core - HHH000489: No JTA platform available (set 'hibernate.transaction.jta.platform' to enable JTA platform integration)
2026-02-13 00:30:38 DEBUG org.hibernate.SQL - 
    create table roles (
        id bigint generated by default as identity,
        description varchar(255),
        name varchar(255),
        primary key (id)
    )
2026-02-13 00:30:38 DEBUG org.hibernate.SQL - 
    create table users (
        id bigint generated by default as identity,
        email varchar(255),
        password varchar(255),
        username varchar(255),
        primary key (id)
    )
2026-02-13 00:30:38 DEBUG org.hibernate.SQL - 
    create table users_roles (
        user_id bigint not null,
        roles_id bigint not null
    )
2026-02-13 00:30:38 DEBUG org.hibernate.SQL - 
    alter table if exists users_roles 
       add constraint FKa62j07k5mhgifpp955h37ponj 
       foreign key (roles_id) 
       references roles
2026-02-13 00:30:38 DEBUG org.hibernate.SQL - 
    alter table if exists users_roles 
       add constraint FK2o0jvgh89lemvvo17cbqvdxaa 
       foreign key (user_id) 
       references users
2026-02-13 00:30:38 INFO  o.s.o.j.LocalContainerEntityManagerFactoryBean - Initialized JPA EntityManagerFactory for persistence unit 'default'
2026-02-13 00:30:38 INFO  o.s.d.j.r.q.QueryEnhancerFactories - Hibernate is in classpath; If applicable, HQL parser will be used.
2026-02-13 00:30:38 INFO  o.s.s.c.a.a.c.InitializeUserDetailsBeanManagerConfigurer$InitializeUserDetailsManagerConfigurer - Global AuthenticationManager configured with UserDetailsService bean with name securityUserDetailsService
2026-02-13 00:30:39 INFO  o.s.boot.tomcat.TomcatWebServer - Tomcat started on port 8080 (http) with context path '/'
2026-02-13 00:30:39 INFO  com.example.exam.ExamApplication - Started ExamApplication in 4.034 seconds (process running for 4.717)
2026-02-13 00:31:40 INFO  o.a.c.c.C.[Tomcat].[localhost].[/] - Initializing Spring DispatcherServlet 'dispatcherServlet'
2026-02-13 00:31:40 INFO  o.s.web.servlet.DispatcherServlet - Initializing Servlet 'dispatcherServlet'
2026-02-13 00:31:40 INFO  o.s.web.servlet.DispatcherServlet - Completed initialization in 2 ms
2026-02-13 00:31:41 DEBUG org.hibernate.SQL - 
    /* SELECT
        u 
    FROM
        User u 
    WHERE
        u.email = :email */ select
            u1_0.id,
            u1_0.email,
            u1_0.password,
            u1_0.username 
        from
            users u1_0 
        where
            u1_0.email=?
2026-02-13 00:32:01 DEBUG org.hibernate.SQL - 
    /* SELECT
        u 
    FROM
        User u 
    WHERE
        u.email = :email */ select
            u1_0.id,
            u1_0.email,
            u1_0.password,
            u1_0.username 
        from
            users u1_0 
        where
            u1_0.email=?
2026-02-13 00:32:01 DEBUG org.hibernate.SQL - 
    /* insert 
    for
        com.example.exam.model.Role
        */insert 
    into
        roles (description, name) 
    values
        (?, ?)
2026-02-13 00:32:16 DEBUG org.hibernate.SQL - 
    /* SELECT
        u 
    FROM
        User u 
    WHERE
        u.email = :email */ select
            u1_0.id,
            u1_0.email,
            u1_0.password,
            u1_0.username 
        from
            users u1_0 
        where
            u1_0.email=?
2026-02-13 00:32:24 DEBUG org.hibernate.SQL - 
    /* SELECT
        u 
    FROM
        User u 
    WHERE
        u.email = :email */ select
            u1_0.id,
            u1_0.email,
            u1_0.password,
            u1_0.username 
        from
            users u1_0 
        where
            u1_0.email=?
2026-02-13 00:32:24 DEBUG org.hibernate.SQL - 
    /* <criteria> */ select
        r1_0.id,
        r1_0.description,
        r1_0.name 
    from
        roles r1_0 
    where
        r1_0.id in (?)
2026-02-13 00:32:24 DEBUG org.hibernate.SQL - 
    /* insert 
    for
        com.example.exam.model.User
        */insert 
    into
        users (email, password, username) 
    values
        (?, ?, ?)
2026-02-13 00:32:24 DEBUG org.hibernate.SQL - 
    /* insert 
    for
        com.example.exam.model.User.roles
        */insert 
    into
        users_roles (user_id, roles_id) 
    values
        (?, ?)
2026-02-13 00:32:43 DEBUG org.hibernate.SQL - 
    /* SELECT
        u 
    FROM
        User u 
    WHERE
        u.email = :email */ select
            u1_0.id,
            u1_0.email,
            u1_0.password,
            u1_0.username 
        from
            users u1_0 
        where
            u1_0.email=?
2026-02-13 00:32:43 DEBUG org.hibernate.SQL - 
    /* SELECT
        u 
    FROM
        User u 
    WHERE
        u.email = :email */ select
            u1_0.id,
            u1_0.email,
            u1_0.password,
            u1_0.username 
        from
            users u1_0 
        where
            u1_0.email=?
2026-02-13 00:32:43 DEBUG org.hibernate.SQL - 
    select
        r1_0.user_id,
        r1_1.id,
        r1_1.description,
        r1_1.name 
    from
        users_roles r1_0 
    join
        roles r1_1 
            on r1_1.id=r1_0.roles_id 
    where
        r1_0.user_id=?
2026-02-13 00:32:43 DEBUG org.hibernate.SQL - 
    /* SELECT
        u 
    FROM
        User u 
    WHERE
        u.email = :email */ select
            u1_0.id,
            u1_0.email,
            u1_0.password,
            u1_0.username 
        from
            users u1_0 
        where
            u1_0.email=?
2026-02-13 00:32:43 DEBUG org.hibernate.SQL - 
    select
        r1_0.user_id,
        r1_1.id,
        r1_1.description,
        r1_1.name 
    from
        users_roles r1_0 
    join
        roles r1_1 
            on r1_1.id=r1_0.roles_id 
    where
        r1_0.user_id=?
2026-02-13 00:33:29 DEBUG org.hibernate.SQL - 
    /* SELECT
        u 
    FROM
        User u 
    WHERE
        u.email = :email */ select
            u1_0.id,
            u1_0.email,
            u1_0.password,
            u1_0.username 
        from
            users u1_0 
        where
            u1_0.email=?
2026-02-13 00:33:40 DEBUG org.hibernate.SQL - 
    /* SELECT
        u 
    FROM
        User u 
    WHERE
        u.email = :email */ select
            u1_0.id,
            u1_0.email,
            u1_0.password,
            u1_0.username 
        from
            users u1_0 
        where
            u1_0.email=?
2026-02-13 00:33:40 DEBUG org.hibernate.SQL - 
    select
        r1_0.user_id,
        r1_1.id,
        r1_1.description,
        r1_1.name 
    from
        users_roles r1_0 
    join
        roles r1_1 
            on r1_1.id=r1_0.roles_id 
    where
        r1_0.user_id=?
2026-02-13 00:34:30 INFO  o.s.boot.tomcat.GracefulShutdown - Commencing graceful shutdown. Waiting for active requests to complete
2026-02-13 00:34:30 INFO  o.s.boot.tomcat.GracefulShutdown - Graceful shutdown complete
2026-02-13 00:34:30 INFO  o.s.o.j.LocalContainerEntityManagerFactoryBean - Closing JPA EntityManagerFactory for persistence unit 'default'
2026-02-13 00:34:30 INFO  com.zaxxer.hikari.HikariDataSource - TollPlazaHikariCP - Shutdown initiated...
2026-02-13 00:34:30 INFO  com.zaxxer.hikari.HikariDataSource - TollPlazaHikariCP - Shutdown completed.
2026-02-13 00:34:33 INFO  com.example.exam.ExamApplication - Starting ExamApplication using Java 21.0.1 with PID 9556 (D:\Spring boot projects\exam\exam\target\classes started by munee in D:\Spring boot projects\exam\exam)
2026-02-13 00:34:33 INFO  com.example.exam.ExamApplication - No active profile set, falling back to 1 default profile: "default"
2026-02-13 00:34:34 INFO  o.s.d.r.c.RepositoryConfigurationDelegate - Bootstrapping Spring Data JPA repositories in DEFAULT mode.
2026-02-13 00:34:34 INFO  o.s.d.r.c.RepositoryConfigurationDelegate - Finished Spring Data repository scanning in 41 ms. Found 2 JPA repository interfaces.
2026-02-13 00:34:35 INFO  o.s.boot.tomcat.TomcatWebServer - Tomcat initialized with port 8080 (http)
2026-02-13 00:34:35 INFO  o.a.catalina.core.StandardService - Starting service [Tomcat]
2026-02-13 00:34:35 INFO  o.a.catalina.core.StandardEngine - Starting Servlet engine: [Apache Tomcat/11.0.15]
2026-02-13 00:34:35 INFO  o.s.b.w.c.s.WebApplicationContextInitializer - Root WebApplicationContext: initialization completed in 1154 ms
2026-02-13 00:34:35 INFO  org.hibernate.orm.jpa - HHH008540: Processing PersistenceUnitInfo [name: default]
2026-02-13 00:34:35 INFO  org.hibernate.orm.core - HHH000001: Hibernate ORM core version 7.2.1.Final
2026-02-13 00:34:35 INFO  o.s.o.j.p.SpringPersistenceUnitInfo - No LoadTimeWeaver setup: ignoring JPA class transformer
2026-02-13 00:34:35 INFO  com.zaxxer.hikari.HikariDataSource - TollPlazaHikariCP - Starting...
2026-02-13 00:34:35 INFO  com.zaxxer.hikari.pool.HikariPool - TollPlazaHikariCP - Added connection org.postgresql.jdbc.PgConnection@b56c222
2026-02-13 00:34:35 INFO  com.zaxxer.hikari.HikariDataSource - TollPlazaHikariCP - Start completed.
2026-02-13 00:34:36 WARN  org.hibernate.orm.deprecation - HHH90000025: PostgreSQLDialect does not need to be specified explicitly using 'hibernate.dialect' (remove the property setting and it will be selected by default)
2026-02-13 00:34:36 INFO  o.hibernate.orm.connections.pooling - HHH10001005: Database info:
	Database JDBC URL [jdbc:postgresql://localhost:5432/exam]
	Database driver: PostgreSQL JDBC Driver
	Database dialect: PostgreSQLDialect
	Database version: 15.3
	Default catalog/schema: exam/public
	Autocommit mode: undefined/unknown
	Isolation level: READ_COMMITTED [default READ_COMMITTED]
	JDBC fetch size: none
	Pool: DataSourceConnectionProvider
	Minimum pool size: undefined/unknown
	Maximum pool size: undefined/unknown
2026-02-13 00:34:36 INFO  org.hibernate.orm.core - HHH000489: No JTA platform available (set 'hibernate.transaction.jta.platform' to enable JTA platform integration)
2026-02-13 00:34:37 INFO  o.s.o.j.LocalContainerEntityManagerFactoryBean - Initialized JPA EntityManagerFactory for persistence unit 'default'
2026-02-13 00:34:37 INFO  o.s.d.j.r.q.QueryEnhancerFactories - Hibernate is in classpath; If applicable, HQL parser will be used.
2026-02-13 00:34:37 INFO  o.s.s.c.a.a.c.InitializeUserDetailsBeanManagerConfigurer$InitializeUserDetailsManagerConfigurer - Global AuthenticationManager configured with UserDetailsService bean with name securityUserDetailsService
2026-02-13 00:34:37 INFO  o.s.boot.tomcat.TomcatWebServer - Tomcat started on port 8080 (http) with context path '/'
2026-02-13 00:34:37 INFO  com.example.exam.ExamApplication - Started ExamApplication in 4.183 seconds (process running for 4.774)
2026-02-13 00:34:45 INFO  o.a.c.c.C.[Tomcat].[localhost].[/] - Initializing Spring DispatcherServlet 'dispatcherServlet'
2026-02-13 00:34:45 INFO  o.s.web.servlet.DispatcherServlet - Initializing Servlet 'dispatcherServlet'
2026-02-13 00:34:45 INFO  o.s.web.servlet.DispatcherServlet - Completed initialization in 1 ms
2026-02-13 00:34:45 DEBUG org.hibernate.SQL - 
    /* SELECT
        u 
    FROM
        User u 
    WHERE
        u.email = :email */ select
            u1_0.id,
            u1_0.email,
            u1_0.password,
            u1_0.username 
        from
            users u1_0 
        where
            u1_0.email=?
2026-02-13 00:34:45 DEBUG org.hibernate.SQL - 
    select
        r1_0.user_id,
        r1_1.id,
        r1_1.description,
        r1_1.name 
    from
        users_roles r1_0 
    join
        roles r1_1 
            on r1_1.id=r1_0.roles_id 
    where
        r1_0.user_id=?
2026-02-13 00:39:18 INFO  o.s.boot.tomcat.GracefulShutdown - Commencing graceful shutdown. Waiting for active requests to complete
2026-02-13 00:39:18 INFO  o.s.boot.tomcat.GracefulShutdown - Graceful shutdown complete
2026-02-13 00:39:18 INFO  o.s.o.j.LocalContainerEntityManagerFactoryBean - Closing JPA EntityManagerFactory for persistence unit 'default'
2026-02-13 00:39:18 INFO  com.zaxxer.hikari.HikariDataSource - TollPlazaHikariCP - Shutdown initiated...
2026-02-13 00:39:18 INFO  com.zaxxer.hikari.HikariDataSource - TollPlazaHikariCP - Shutdown completed.
2026-02-13 00:39:21 INFO  com.example.exam.ExamApplication - Starting ExamApplication using Java 21.0.1 with PID 2892 (D:\Spring boot projects\exam\exam\target\classes started by munee in D:\Spring boot projects\exam\exam)
2026-02-13 00:39:21 INFO  com.example.exam.ExamApplication - No active profile set, falling back to 1 default profile: "default"
2026-02-13 00:39:22 INFO  o.s.d.r.c.RepositoryConfigurationDelegate - Bootstrapping Spring Data JPA repositories in DEFAULT mode.
2026-02-13 00:39:22 INFO  o.s.d.r.c.RepositoryConfigurationDelegate - Finished Spring Data repository scanning in 39 ms. Found 2 JPA repository interfaces.
2026-02-13 00:39:22 INFO  o.s.boot.tomcat.TomcatWebServer - Tomcat initialized with port 8080 (http)
2026-02-13 00:39:23 INFO  o.a.catalina.core.StandardService - Starting service [Tomcat]
2026-02-13 00:39:23 INFO  o.a.catalina.core.StandardEngine - Starting Servlet engine: [Apache Tomcat/11.0.15]
2026-02-13 00:39:23 INFO  o.s.b.w.c.s.WebApplicationContextInitializer - Root WebApplicationContext: initialization completed in 1048 ms
2026-02-13 00:39:23 INFO  org.hibernate.orm.jpa - HHH008540: Processing PersistenceUnitInfo [name: default]
2026-02-13 00:39:23 INFO  org.hibernate.orm.core - HHH000001: Hibernate ORM core version 7.2.1.Final
2026-02-13 00:39:23 INFO  o.s.o.j.p.SpringPersistenceUnitInfo - No LoadTimeWeaver setup: ignoring JPA class transformer
2026-02-13 00:39:23 INFO  com.zaxxer.hikari.HikariDataSource - TollPlazaHikariCP - Starting...
2026-02-13 00:39:23 INFO  com.zaxxer.hikari.pool.HikariPool - TollPlazaHikariCP - Added connection org.postgresql.jdbc.PgConnection@5a2035e1
2026-02-13 00:39:23 INFO  com.zaxxer.hikari.HikariDataSource - TollPlazaHikariCP - Start completed.
2026-02-13 00:39:23 WARN  org.hibernate.orm.deprecation - HHH90000025: PostgreSQLDialect does not need to be specified explicitly using 'hibernate.dialect' (remove the property setting and it will be selected by default)
2026-02-13 00:39:23 INFO  o.hibernate.orm.connections.pooling - HHH10001005: Database info:
	Database JDBC URL [jdbc:postgresql://localhost:5432/exam]
	Database driver: PostgreSQL JDBC Driver
	Database dialect: PostgreSQLDialect
	Database version: 15.3
	Default catalog/schema: exam/public
	Autocommit mode: undefined/unknown
	Isolation level: READ_COMMITTED [default READ_COMMITTED]
	JDBC fetch size: none
	Pool: DataSourceConnectionProvider
	Minimum pool size: undefined/unknown
	Maximum pool size: undefined/unknown
2026-02-13 00:39:24 INFO  org.hibernate.orm.core - HHH000489: No JTA platform available (set 'hibernate.transaction.jta.platform' to enable JTA platform integration)
2026-02-13 00:39:24 INFO  o.s.o.j.LocalContainerEntityManagerFactoryBean - Initialized JPA EntityManagerFactory for persistence unit 'default'
2026-02-13 00:39:24 INFO  o.s.d.j.r.q.QueryEnhancerFactories - Hibernate is in classpath; If applicable, HQL parser will be used.
2026-02-13 00:39:25 INFO  o.s.s.c.a.a.c.InitializeUserDetailsBeanManagerConfigurer$InitializeUserDetailsManagerConfigurer - Global AuthenticationManager configured with UserDetailsService bean with name securityUserDetailsService
2026-02-13 00:39:25 INFO  o.s.boot.tomcat.TomcatWebServer - Tomcat started on port 8080 (http) with context path '/'
2026-02-13 00:39:25 INFO  com.example.exam.ExamApplication - Started ExamApplication in 3.917 seconds (process running for 4.499)
2026-02-13 00:39:33 INFO  o.a.c.c.C.[Tomcat].[localhost].[/] - Initializing Spring DispatcherServlet 'dispatcherServlet'
2026-02-13 00:39:33 INFO  o.s.web.servlet.DispatcherServlet - Initializing Servlet 'dispatcherServlet'
2026-02-13 00:39:33 INFO  o.s.web.servlet.DispatcherServlet - Completed initialization in 2 ms
2026-02-13 00:39:34 DEBUG org.hibernate.SQL - 
    /* SELECT
        u 
    FROM
        User u 
    WHERE
        u.email = :email */ select
            u1_0.id,
            u1_0.email,
            u1_0.password,
            u1_0.username 
        from
            users u1_0 
        where
            u1_0.email=?
2026-02-13 00:39:34 DEBUG org.hibernate.SQL - 
    select
        r1_0.user_id,
        r1_1.id,
        r1_1.description,
        r1_1.name 
    from
        users_roles r1_0 
    join
        roles r1_1 
            on r1_1.id=r1_0.roles_id 
    where
        r1_0.user_id=?
2026-02-13 00:39:34 DEBUG org.hibernate.SQL - 
    /* <criteria> */ select
        u1_0.id,
        u1_0.email,
        u1_0.password,
        u1_0.username 
    from
        users u1_0
2026-02-13 00:39:34 DEBUG org.hibernate.SQL - 
    select
        r1_0.user_id,
        r1_1.id,
        r1_1.description,
        r1_1.name 
    from
        users_roles r1_0 
    join
        roles r1_1 
            on r1_1.id=r1_0.roles_id 
    where
        r1_0.user_id=?
2026-02-13 00:40:03 DEBUG org.hibernate.SQL - 
    /* SELECT
        u 
    FROM
        User u 
    WHERE
        u.email = :email */ select
            u1_0.id,
            u1_0.email,
            u1_0.password,
            u1_0.username 
        from
            users u1_0 
        where
            u1_0.email=?
2026-02-13 00:40:03 DEBUG org.hibernate.SQL - 
    select
        r1_0.user_id,
        r1_1.id,
        r1_1.description,
        r1_1.name 
    from
        users_roles r1_0 
    join
        roles r1_1 
            on r1_1.id=r1_0.roles_id 
    where
        r1_0.user_id=?
2026-02-13 00:40:03 DEBUG org.hibernate.SQL - 
    /* insert 
    for
        com.example.exam.model.Role
        */insert 
    into
        roles (description, name) 
    values
        (?, ?)
2026-02-13 00:40:39 INFO  o.s.boot.tomcat.GracefulShutdown - Commencing graceful shutdown. Waiting for active requests to complete
2026-02-13 00:40:39 INFO  o.s.boot.tomcat.GracefulShutdown - Graceful shutdown complete
2026-02-13 00:40:39 INFO  o.s.o.j.LocalContainerEntityManagerFactoryBean - Closing JPA EntityManagerFactory for persistence unit 'default'
2026-02-13 00:40:39 INFO  com.zaxxer.hikari.HikariDataSource - TollPlazaHikariCP - Shutdown initiated...
2026-02-13 00:40:39 INFO  com.zaxxer.hikari.HikariDataSource - TollPlazaHikariCP - Shutdown completed.
